mode: set
github.com/aysf/gojwt/controllers/bookController.go:12.47,14.16 2 0
github.com/aysf/gojwt/controllers/bookController.go:19.2,22.4 1 0
github.com/aysf/gojwt/controllers/bookController.go:14.16,18.3 1 0
github.com/aysf/gojwt/controllers/bookController.go:25.50,29.16 3 0
github.com/aysf/gojwt/controllers/bookController.go:32.2,35.4 1 0
github.com/aysf/gojwt/controllers/bookController.go:29.16,31.3 1 0
github.com/aysf/gojwt/controllers/bookController.go:38.49,40.42 2 0
github.com/aysf/gojwt/controllers/bookController.go:43.2,44.16 2 0
github.com/aysf/gojwt/controllers/bookController.go:47.2,50.4 1 0
github.com/aysf/gojwt/controllers/bookController.go:40.42,42.3 1 0
github.com/aysf/gojwt/controllers/bookController.go:44.16,46.3 1 0
github.com/aysf/gojwt/controllers/bookController.go:53.49,57.16 3 0
github.com/aysf/gojwt/controllers/bookController.go:62.2,64.4 1 0
github.com/aysf/gojwt/controllers/bookController.go:57.16,61.3 1 0
github.com/aysf/gojwt/controllers/bookController.go:67.49,70.42 3 0
github.com/aysf/gojwt/controllers/bookController.go:73.2,74.16 2 0
github.com/aysf/gojwt/controllers/bookController.go:79.2,82.4 1 0
github.com/aysf/gojwt/controllers/bookController.go:70.42,72.3 1 0
github.com/aysf/gojwt/controllers/bookController.go:74.16,78.3 1 0
github.com/aysf/gojwt/controllers/userController.go:15.49,20.16 4 0
github.com/aysf/gojwt/controllers/userController.go:26.2,29.4 1 0
github.com/aysf/gojwt/controllers/userController.go:20.16,24.3 1 0
github.com/aysf/gojwt/controllers/userController.go:32.47,34.16 2 1
github.com/aysf/gojwt/controllers/userController.go:40.2,43.4 1 1
github.com/aysf/gojwt/controllers/userController.go:34.16,39.3 1 0
github.com/aysf/gojwt/controllers/userController.go:46.50,50.16 3 1
github.com/aysf/gojwt/controllers/userController.go:57.2,57.24 1 1
github.com/aysf/gojwt/controllers/userController.go:64.2,66.16 2 1
github.com/aysf/gojwt/controllers/userController.go:73.2,76.4 1 1
github.com/aysf/gojwt/controllers/userController.go:50.16,55.3 1 0
github.com/aysf/gojwt/controllers/userController.go:57.24,62.3 1 1
github.com/aysf/gojwt/controllers/userController.go:66.16,71.3 1 0
github.com/aysf/gojwt/controllers/userController.go:81.49,83.42 2 1
github.com/aysf/gojwt/controllers/userController.go:86.2,87.16 2 1
github.com/aysf/gojwt/controllers/userController.go:90.2,93.4 1 1
github.com/aysf/gojwt/controllers/userController.go:83.42,85.3 1 0
github.com/aysf/gojwt/controllers/userController.go:87.16,89.3 1 0
github.com/aysf/gojwt/controllers/userController.go:98.49,102.16 3 1
github.com/aysf/gojwt/controllers/userController.go:107.2,109.4 1 1
github.com/aysf/gojwt/controllers/userController.go:102.16,106.3 1 0
github.com/aysf/gojwt/controllers/userController.go:112.49,115.42 3 0
github.com/aysf/gojwt/controllers/userController.go:118.2,119.16 2 0
github.com/aysf/gojwt/controllers/userController.go:124.2,127.4 1 0
github.com/aysf/gojwt/controllers/userController.go:115.42,117.3 1 0
github.com/aysf/gojwt/controllers/userController.go:119.16,123.3 1 0
github.com/aysf/gojwt/controllers/userController.go:130.57,132.2 1 1
