mode: set
github.com/aysf/gojwt/controllers/bookController.go:12.47,14.16 2 0
github.com/aysf/gojwt/controllers/bookController.go:19.2,22.4 1 0
github.com/aysf/gojwt/controllers/bookController.go:14.16,18.3 1 0
github.com/aysf/gojwt/controllers/bookController.go:25.50,29.16 3 0
github.com/aysf/gojwt/controllers/bookController.go:32.2,35.4 1 0
github.com/aysf/gojwt/controllers/bookController.go:29.16,31.3 1 0
github.com/aysf/gojwt/controllers/bookController.go:38.49,40.42 2 0
github.com/aysf/gojwt/controllers/bookController.go:43.2,44.16 2 0
github.com/aysf/gojwt/controllers/bookController.go:47.2,50.4 1 0
github.com/aysf/gojwt/controllers/bookController.go:40.42,42.3 1 0
github.com/aysf/gojwt/controllers/bookController.go:44.16,46.3 1 0
github.com/aysf/gojwt/controllers/bookController.go:53.49,57.16 3 0
github.com/aysf/gojwt/controllers/bookController.go:62.2,64.4 1 0
github.com/aysf/gojwt/controllers/bookController.go:57.16,61.3 1 0
github.com/aysf/gojwt/controllers/bookController.go:67.49,70.42 3 0
github.com/aysf/gojwt/controllers/bookController.go:73.2,74.16 2 0
github.com/aysf/gojwt/controllers/bookController.go:79.2,82.4 1 0
github.com/aysf/gojwt/controllers/bookController.go:70.42,72.3 1 0
github.com/aysf/gojwt/controllers/bookController.go:74.16,78.3 1 0
github.com/aysf/gojwt/controllers/userController.go:15.49,20.16 4 0
github.com/aysf/gojwt/controllers/userController.go:26.2,29.4 1 0
github.com/aysf/gojwt/controllers/userController.go:20.16,24.3 1 0
github.com/aysf/gojwt/controllers/userController.go:32.47,34.16 2 1
github.com/aysf/gojwt/controllers/userController.go:40.2,43.4 1 1
github.com/aysf/gojwt/controllers/userController.go:34.16,39.3 1 0
github.com/aysf/gojwt/controllers/userController.go:46.50,50.16 3 1
github.com/aysf/gojwt/controllers/userController.go:54.2,54.24 1 0
github.com/aysf/gojwt/controllers/userController.go:61.2,63.16 2 0
github.com/aysf/gojwt/controllers/userController.go:67.2,70.4 1 0
github.com/aysf/gojwt/controllers/userController.go:50.16,52.3 1 1
github.com/aysf/gojwt/controllers/userController.go:54.24,59.3 1 0
github.com/aysf/gojwt/controllers/userController.go:63.16,65.3 1 0
github.com/aysf/gojwt/controllers/userController.go:73.49,75.42 2 0
github.com/aysf/gojwt/controllers/userController.go:78.2,79.16 2 0
github.com/aysf/gojwt/controllers/userController.go:82.2,85.4 1 0
github.com/aysf/gojwt/controllers/userController.go:75.42,77.3 1 0
github.com/aysf/gojwt/controllers/userController.go:79.16,81.3 1 0
github.com/aysf/gojwt/controllers/userController.go:88.49,92.16 3 0
github.com/aysf/gojwt/controllers/userController.go:97.2,99.4 1 0
github.com/aysf/gojwt/controllers/userController.go:92.16,96.3 1 0
github.com/aysf/gojwt/controllers/userController.go:102.49,105.42 3 0
github.com/aysf/gojwt/controllers/userController.go:108.2,109.16 2 0
github.com/aysf/gojwt/controllers/userController.go:114.2,117.4 1 0
github.com/aysf/gojwt/controllers/userController.go:105.42,107.3 1 0
github.com/aysf/gojwt/controllers/userController.go:109.16,113.3 1 0
