mode: set
github.com/aysf/gojwt/controllers/bookController.go:12.47,14.16 2 0
github.com/aysf/gojwt/controllers/bookController.go:19.2,22.4 1 0
github.com/aysf/gojwt/controllers/bookController.go:14.16,18.3 1 0
github.com/aysf/gojwt/controllers/bookController.go:25.50,29.16 3 0
github.com/aysf/gojwt/controllers/bookController.go:32.2,35.4 1 0
github.com/aysf/gojwt/controllers/bookController.go:29.16,31.3 1 0
github.com/aysf/gojwt/controllers/bookController.go:38.49,40.42 2 0
github.com/aysf/gojwt/controllers/bookController.go:43.2,44.16 2 0
github.com/aysf/gojwt/controllers/bookController.go:47.2,50.4 1 0
github.com/aysf/gojwt/controllers/bookController.go:40.42,42.3 1 0
github.com/aysf/gojwt/controllers/bookController.go:44.16,46.3 1 0
github.com/aysf/gojwt/controllers/bookController.go:53.49,57.16 3 0
github.com/aysf/gojwt/controllers/bookController.go:62.2,64.4 1 0
github.com/aysf/gojwt/controllers/bookController.go:57.16,61.3 1 0
github.com/aysf/gojwt/controllers/bookController.go:67.49,70.42 3 0
github.com/aysf/gojwt/controllers/bookController.go:73.2,74.16 2 0
github.com/aysf/gojwt/controllers/bookController.go:79.2,82.4 1 0
github.com/aysf/gojwt/controllers/bookController.go:70.42,72.3 1 0
github.com/aysf/gojwt/controllers/bookController.go:74.16,78.3 1 0
github.com/aysf/gojwt/controllers/userController.go:15.49,20.16 4 0
github.com/aysf/gojwt/controllers/userController.go:26.2,29.4 1 0
github.com/aysf/gojwt/controllers/userController.go:20.16,24.3 1 0
github.com/aysf/gojwt/controllers/userController.go:32.47,34.16 2 1
github.com/aysf/gojwt/controllers/userController.go:40.2,43.4 1 1
github.com/aysf/gojwt/controllers/userController.go:34.16,39.3 1 0
github.com/aysf/gojwt/controllers/userController.go:46.50,50.16 3 1
github.com/aysf/gojwt/controllers/userController.go:57.2,57.24 1 1
github.com/aysf/gojwt/controllers/userController.go:64.2,66.16 2 1
github.com/aysf/gojwt/controllers/userController.go:70.2,73.4 1 1
github.com/aysf/gojwt/controllers/userController.go:50.16,55.3 1 0
github.com/aysf/gojwt/controllers/userController.go:57.24,62.3 1 1
github.com/aysf/gojwt/controllers/userController.go:66.16,68.3 1 0
github.com/aysf/gojwt/controllers/userController.go:76.49,78.42 2 0
github.com/aysf/gojwt/controllers/userController.go:81.2,82.16 2 0
github.com/aysf/gojwt/controllers/userController.go:85.2,88.4 1 0
github.com/aysf/gojwt/controllers/userController.go:78.42,80.3 1 0
github.com/aysf/gojwt/controllers/userController.go:82.16,84.3 1 0
github.com/aysf/gojwt/controllers/userController.go:91.49,95.16 3 0
github.com/aysf/gojwt/controllers/userController.go:100.2,102.4 1 0
github.com/aysf/gojwt/controllers/userController.go:95.16,99.3 1 0
github.com/aysf/gojwt/controllers/userController.go:105.49,108.42 3 0
github.com/aysf/gojwt/controllers/userController.go:111.2,112.16 2 0
github.com/aysf/gojwt/controllers/userController.go:117.2,120.4 1 0
github.com/aysf/gojwt/controllers/userController.go:108.42,110.3 1 0
github.com/aysf/gojwt/controllers/userController.go:112.16,116.3 1 0
